
======== GPU REPORT ========

==============NVSMI LOG==============

Timestamp                                 : Mon Apr 14 17:44:07 2025
Driver Version                            : 570.124.06
CUDA Version                              : 12.8

Attached GPUs                             : 4
GPU 00000000:4E:00.0
    Accounting Mode                       : Enabled
    Accounting Mode Buffer Size           : 4000
    Accounted Processes
        Process ID                        : 614079
            GPU Utilization               : 0 %
            Memory Utilization            : 0 %
            Max memory usage              : 61356 MiB
            Time                          : 0 ms
            Is Running                    : 1

GPU 00000000:5F:00.0
    Accounting Mode                       : Enabled
    Accounting Mode Buffer Size           : 4000
    Accounted Processes
        Process ID                        : 614079
            GPU Utilization               : 0 %
            Memory Utilization            : 0 %
            Max memory usage              : 526 MiB
            Time                          : 0 ms
            Is Running                    : 1

GPU 00000000:CB:00.0
    Accounting Mode                       : Enabled
    Accounting Mode Buffer Size           : 4000
    Accounted Processes
        Process ID                        : 614079
            GPU Utilization               : 0 %
            Memory Utilization            : 0 %
            Max memory usage              : 526 MiB
            Time                          : 0 ms
            Is Running                    : 1

GPU 00000000:DB:00.0
    Accounting Mode                       : Enabled
    Accounting Mode Buffer Size           : 4000
    Accounted Processes
        Process ID                        : 614079
            GPU Utilization               : 0 %
            Memory Utilization            : 0 %
            Max memory usage              : 526 MiB
            Time                          : 0 ms
            Is Running                    : 1

Mon Apr 14 17:44:07 2025       
+-----------------------------------------------------------------------------------------+
| NVIDIA-SMI 570.124.06             Driver Version: 570.124.06     CUDA Version: 12.8     |
|-----------------------------------------+------------------------+----------------------+
| GPU  Name                 Persistence-M | Bus-Id          Disp.A | Volatile Uncorr. ECC |
| Fan  Temp   Perf          Pwr:Usage/Cap |           Memory-Usage | GPU-Util  Compute M. |
|                                         |                        |               MIG M. |
|=========================================+========================+======================|
|   0  NVIDIA H100 80GB HBM3          On  |   00000000:4E:00.0 Off |                    0 |
| N/A   35C    P0            116W /  700W |   61367MiB /  81559MiB |      0%      Default |
|                                         |                        |             Disabled |
+-----------------------------------------+------------------------+----------------------+
|   1  NVIDIA H100 80GB HBM3          On  |   00000000:5F:00.0 Off |                    0 |
| N/A   35C    P0            114W /  700W |     537MiB /  81559MiB |      0%      Default |
|                                         |                        |             Disabled |
+-----------------------------------------+------------------------+----------------------+
|   2  NVIDIA H100 80GB HBM3          On  |   00000000:CB:00.0 Off |                    0 |
| N/A   35C    P0            116W /  700W |     537MiB /  81559MiB |      0%      Default |
|                                         |                        |             Disabled |
+-----------------------------------------+------------------------+----------------------+
|   3  NVIDIA H100 80GB HBM3          On  |   00000000:DB:00.0 Off |                    0 |
| N/A   36C    P0            118W /  700W |     537MiB /  81559MiB |      0%      Default |
|                                         |                        |             Disabled |
+-----------------------------------------+------------------------+----------------------+
                                                                                         
+-----------------------------------------------------------------------------------------+
| Processes:                                                                              |
|  GPU   GI   CI              PID   Type   Process name                        GPU Memory |
|        ID   ID                                                               Usage      |
|=========================================================================================|
|    0   N/A  N/A          614079      C   python                                61356MiB |
|    1   N/A  N/A          614079      C   python                                  526MiB |
|    2   N/A  N/A          614079      C   python                                  526MiB |
|    3   N/A  N/A          614079      C   python                                  526MiB |
+-----------------------------------------------------------------------------------------+
