1e6 3e-5 0
Loading Craftax textures from cache.
Textures successfully loaded from cache.

======== GPU REPORT ========

==============NVSMI LOG==============

Timestamp                                 : Mon Apr  7 02:04:03 2025
Driver Version                            : 560.35.03
CUDA Version                              : 12.6

Attached GPUs                             : 4
GPU 00000000:01:00.0
    Accounting Mode                       : Enabled
    Accounting Mode Buffer Size           : 4000
    Accounted Processes
        Process ID                        : 2417159
            GPU Utilization               : 0 %
            Memory Utilization            : 0 %
            Max memory usage              : 61536 MiB
            Time                          : 0 ms
            Is Running                    : 1

GPU 00000000:41:00.0
    Accounting Mode                       : Enabled
    Accounting Mode Buffer Size           : 4000
    Accounted Processes
        Process ID                        : 2417159
            GPU Utilization               : 74 %
            Memory Utilization            : 24 %
            Max memory usage              : 39176 MiB
            Time                          : 0 ms
            Is Running                    : 1

GPU 00000000:81:00.0
    Accounting Mode                       : Enabled
    Accounting Mode Buffer Size           : 4000
    Accounted Processes
        Process ID                        : 2417159
            GPU Utilization               : 62 %
            Memory Utilization            : 21 %
            Max memory usage              : 38516 MiB
            Time                          : 0 ms
            Is Running                    : 1

GPU 00000000:C1:00.0
    Accounting Mode                       : Enabled
    Accounting Mode Buffer Size           : 4000
    Accounted Processes
        Process ID                        : 2417159
            GPU Utilization               : 66 %
            Memory Utilization            : 22 %
            Max memory usage              : 38936 MiB
            Time                          : 0 ms
            Is Running                    : 1

Mon Apr  7 02:04:03 2025       
+-----------------------------------------------------------------------------------------+
| NVIDIA-SMI 560.35.03              Driver Version: 560.35.03      CUDA Version: 12.6     |
|-----------------------------------------+------------------------+----------------------+
| GPU  Name                 Persistence-M | Bus-Id          Disp.A | Volatile Uncorr. ECC |
| Fan  Temp   Perf          Pwr:Usage/Cap |           Memory-Usage | GPU-Util  Compute M. |
|                                         |                        |               MIG M. |
|=========================================+========================+======================|
|   0  NVIDIA A100-SXM4-80GB          On  |   00000000:01:00.0 Off |                    0 |
| N/A   36C    P0             80W /  500W |   61545MiB /  81920MiB |      0%      Default |
|                                         |                        |             Disabled |
+-----------------------------------------+------------------------+----------------------+
|   1  NVIDIA A100-SXM4-80GB          On  |   00000000:41:00.0 Off |                    0 |
| N/A   67C    P0            520W /  500W |   23503MiB /  81920MiB |    100%      Default |
|                                         |                        |             Disabled |
+-----------------------------------------+------------------------+----------------------+
|   2  NVIDIA A100-SXM4-80GB          On  |   00000000:81:00.0 Off |                    0 |
| N/A   70C    P0            421W /  500W |   23483MiB /  81920MiB |    100%      Default |
|                                         |                        |             Disabled |
+-----------------------------------------+------------------------+----------------------+
|   3  NVIDIA A100-SXM4-80GB          On  |   00000000:C1:00.0 Off |                    0 |
| N/A   67C    P0            543W /  500W |   23743MiB /  81920MiB |    100%      Default |
|                                         |                        |             Disabled |
+-----------------------------------------+------------------------+----------------------+
                                                                                         
+-----------------------------------------------------------------------------------------+
| Processes:                                                                              |
|  GPU   GI   CI        PID   Type   Process name                              GPU Memory |
|        ID   ID                                                               Usage      |
|=========================================================================================|
|    0   N/A  N/A   2417159      C   python                                      61536MiB |
|    1   N/A  N/A   2417159      C   python                                      23494MiB |
|    2   N/A  N/A   2417159      C   python                                      23474MiB |
|    3   N/A  N/A   2417159      C   python                                      23734MiB |
+-----------------------------------------------------------------------------------------+
