5e5 1e-5 0 26 1
Loading Craftax textures from cache.
Textures successfully loaded from cache.

======== GPU REPORT ========

==============NVSMI LOG==============

Timestamp                                 : Tue Apr  8 10:19:36 2025
Driver Version                            : 560.35.03
CUDA Version                              : 12.6

Attached GPUs                             : 4
GPU 00000000:27:00.0
    Accounting Mode                       : Enabled
    Accounting Mode Buffer Size           : 4000
    Accounted Processes
        Process ID                        : 567461
            GPU Utilization               : 0 %
            Memory Utilization            : 0 %
            Max memory usage              : 34434 MiB
            Time                          : 0 ms
            Is Running                    : 1

GPU 00000000:28:00.0
    Accounting Mode                       : Enabled
    Accounting Mode Buffer Size           : 4000
    Accounted Processes
        Process ID                        : 567461
            GPU Utilization               : 66 %
            Memory Utilization            : 54 %
            Max memory usage              : 29186 MiB
            Time                          : 0 ms
            Is Running                    : 1

GPU 00000000:44:00.0
    Accounting Mode                       : Enabled
    Accounting Mode Buffer Size           : 4000
    Accounted Processes
        Process ID                        : 567461
            GPU Utilization               : 63 %
            Memory Utilization            : 53 %
            Max memory usage              : 28886 MiB
            Time                          : 0 ms
            Is Running                    : 1

GPU 00000000:C4:00.0
    Accounting Mode                       : Enabled
    Accounting Mode Buffer Size           : 4000
    Accounted Processes
        Process ID                        : 567461
            GPU Utilization               : 59 %
            Memory Utilization            : 47 %
            Max memory usage              : 28486 MiB
            Time                          : 0 ms
            Is Running                    : 1

Tue Apr  8 10:19:36 2025       
+-----------------------------------------------------------------------------------------+
| NVIDIA-SMI 560.35.03              Driver Version: 560.35.03      CUDA Version: 12.6     |
|-----------------------------------------+------------------------+----------------------+
| GPU  Name                 Persistence-M | Bus-Id          Disp.A | Volatile Uncorr. ECC |
| Fan  Temp   Perf          Pwr:Usage/Cap |           Memory-Usage | GPU-Util  Compute M. |
|                                         |                        |               MIG M. |
|=========================================+========================+======================|
|   0  Quadro RTX 8000                On  |   00000000:27:00.0 Off |                    0 |
| 35%   57C    P2             73W /  235W |   34440MiB /  46080MiB |      0%      Default |
|                                         |                        |                  N/A |
+-----------------------------------------+------------------------+----------------------+
|   1  Quadro RTX 8000                On  |   00000000:28:00.0 Off |                    0 |
| 35%   62C    P2            186W /  235W |   28752MiB /  46080MiB |    100%      Default |
|                                         |                        |                  N/A |
+-----------------------------------------+------------------------+----------------------+
|   2  Quadro RTX 8000                On  |   00000000:44:00.0 Off |                    0 |
| 34%   60C    P2            232W /  235W |   28272MiB /  46080MiB |    100%      Default |
|                                         |                        |                  N/A |
+-----------------------------------------+------------------------+----------------------+
|   3  Quadro RTX 8000                On  |   00000000:C4:00.0 Off |                    0 |
| 33%   49C    P2            217W /  235W |   28212MiB /  46080MiB |    100%      Default |
|                                         |                        |                  N/A |
+-----------------------------------------+------------------------+----------------------+
                                                                                         
+-----------------------------------------------------------------------------------------+
| Processes:                                                                              |
|  GPU   GI   CI        PID   Type   Process name                              GPU Memory |
|        ID   ID                                                               Usage      |
|=========================================================================================|
|    0   N/A  N/A    567461      C   python                                      34434MiB |
|    1   N/A  N/A    567461      C   python                                      28746MiB |
|    2   N/A  N/A    567461      C   python                                      28266MiB |
|    3   N/A  N/A    567461      C   python                                      28206MiB |
+-----------------------------------------------------------------------------------------+
