5e5 3e-5 0 17 0
Loading Craftax textures from cache.
Textures successfully loaded from cache.

======== GPU REPORT ========

==============NVSMI LOG==============

Timestamp                                 : Tue Apr  8 17:22:44 2025
Driver Version                            : 560.35.03
CUDA Version                              : 12.6

Attached GPUs                             : 4
GPU 00000000:01:00.0
    Accounting Mode                       : Enabled
    Accounting Mode Buffer Size           : 4000
    Accounted Processes
        Process ID                        : 2872158
            GPU Utilization               : 0 %
            Memory Utilization            : 0 %
            Max memory usage              : 61536 MiB
            Time                          : 0 ms
            Is Running                    : 1

GPU 00000000:41:00.0
    Accounting Mode                       : Enabled
    Accounting Mode Buffer Size           : 4000
    Accounted Processes
        Process ID                        : 2872158
            GPU Utilization               : 73 %
            Memory Utilization            : 25 %
            Max memory usage              : 39896 MiB
            Time                          : 0 ms
            Is Running                    : 1

GPU 00000000:81:00.0
    Accounting Mode                       : Enabled
    Accounting Mode Buffer Size           : 4000
    Accounted Processes
        Process ID                        : 2872158
            GPU Utilization               : 58 %
            Memory Utilization            : 20 %
            Max memory usage              : 39156 MiB
            Time                          : 0 ms
            Is Running                    : 1

GPU 00000000:C1:00.0
    Accounting Mode                       : Enabled
    Accounting Mode Buffer Size           : 4000
    Accounted Processes
        Process ID                        : 2872158
            GPU Utilization               : 56 %
            Memory Utilization            : 19 %
            Max memory usage              : 25254 MiB
            Time                          : 0 ms
            Is Running                    : 1

Tue Apr  8 17:22:44 2025       
+-----------------------------------------------------------------------------------------+
| NVIDIA-SMI 560.35.03              Driver Version: 560.35.03      CUDA Version: 12.6     |
|-----------------------------------------+------------------------+----------------------+
| GPU  Name                 Persistence-M | Bus-Id          Disp.A | Volatile Uncorr. ECC |
| Fan  Temp   Perf          Pwr:Usage/Cap |           Memory-Usage | GPU-Util  Compute M. |
|                                         |                        |               MIG M. |
|=========================================+========================+======================|
|   0  NVIDIA A100-SXM4-80GB          On  |   00000000:01:00.0 Off |                    0 |
| N/A   33C    P0             78W /  500W |   61545MiB /  81920MiB |      0%      Default |
|                                         |                        |             Disabled |
+-----------------------------------------+------------------------+----------------------+
|   1  NVIDIA A100-SXM4-80GB          On  |   00000000:41:00.0 Off |                    0 |
| N/A   48C    P0             97W /  500W |   25163MiB /  81920MiB |      0%      Default |
|                                         |                        |             Disabled |
+-----------------------------------------+------------------------+----------------------+
|   2  NVIDIA A100-SXM4-80GB          On  |   00000000:81:00.0 Off |                    0 |
| N/A   71C    P0            531W /  500W |   39167MiB /  81920MiB |    100%      Default |
|                                         |                        |             Disabled |
+-----------------------------------------+------------------------+----------------------+
|   3  NVIDIA A100-SXM4-80GB          On  |   00000000:C1:00.0 Off |                    0 |
| N/A   43C    P0             94W /  500W |   24823MiB /  81920MiB |      0%      Default |
|                                         |                        |             Disabled |
+-----------------------------------------+------------------------+----------------------+
                                                                                         
+-----------------------------------------------------------------------------------------+
| Processes:                                                                              |
|  GPU   GI   CI        PID   Type   Process name                              GPU Memory |
|        ID   ID                                                               Usage      |
|=========================================================================================|
|    0   N/A  N/A   2872158      C   python                                      61536MiB |
|    1   N/A  N/A   2872158      C   python                                      25154MiB |
|    2   N/A  N/A   2872158      C   python                                      39156MiB |
|    3   N/A  N/A   2872158      C   python                                      24814MiB |
+-----------------------------------------------------------------------------------------+
5e5 3e-5 0 17 0
Loading Craftax textures from cache.
Textures successfully loaded from cache.

======== GPU REPORT ========

==============NVSMI LOG==============

Timestamp                                 : Tue Apr  8 18:09:41 2025
Driver Version                            : 560.35.03
CUDA Version                              : 12.6

Attached GPUs                             : 4
GPU 00000000:01:00.0
    Accounting Mode                       : Enabled
    Accounting Mode Buffer Size           : 4000
    Accounted Processes
        Process ID                        : 933146
            GPU Utilization               : 0 %
            Memory Utilization            : 0 %
            Max memory usage              : 61536 MiB
            Time                          : 0 ms
            Is Running                    : 1

GPU 00000000:41:00.0
    Accounting Mode                       : Enabled
    Accounting Mode Buffer Size           : 4000
    Accounted Processes
        Process ID                        : 933146
            GPU Utilization               : 71 %
            Memory Utilization            : 24 %
            Max memory usage              : 39896 MiB
            Time                          : 0 ms
            Is Running                    : 1

GPU 00000000:81:00.0
    Accounting Mode                       : Enabled
    Accounting Mode Buffer Size           : 4000
    Accounted Processes
        Process ID                        : 933146
            GPU Utilization               : 63 %
            Memory Utilization            : 21 %
            Max memory usage              : 39236 MiB
            Time                          : 0 ms
            Is Running                    : 1

GPU 00000000:C1:00.0
    Accounting Mode                       : Enabled
    Accounting Mode Buffer Size           : 4000
    Accounted Processes
        Process ID                        : 933146
            GPU Utilization               : 54 %
            Memory Utilization            : 18 %
            Max memory usage              : 25254 MiB
            Time                          : 0 ms
            Is Running                    : 1

Tue Apr  8 18:09:41 2025       
+-----------------------------------------------------------------------------------------+
| NVIDIA-SMI 560.35.03              Driver Version: 560.35.03      CUDA Version: 12.6     |
|-----------------------------------------+------------------------+----------------------+
| GPU  Name                 Persistence-M | Bus-Id          Disp.A | Volatile Uncorr. ECC |
| Fan  Temp   Perf          Pwr:Usage/Cap |           Memory-Usage | GPU-Util  Compute M. |
|                                         |                        |               MIG M. |
|=========================================+========================+======================|
|   0  NVIDIA A100-SXM4-80GB          On  |   00000000:01:00.0 Off |                    0 |
| N/A   34C    P0             83W /  500W |   61545MiB /  81920MiB |      0%      Default |
|                                         |                        |             Disabled |
+-----------------------------------------+------------------------+----------------------+
|   1  NVIDIA A100-SXM4-80GB          On  |   00000000:41:00.0 Off |                    0 |
| N/A   68C    P0            519W /  500W |   38285MiB /  81920MiB |    100%      Default |
|                                         |                        |             Disabled |
+-----------------------------------------+------------------------+----------------------+
|   2  NVIDIA A100-SXM4-80GB          On  |   00000000:81:00.0 Off |                    0 |
| N/A   68C    P0            516W /  500W |   38985MiB /  81920MiB |    100%      Default |
|                                         |                        |             Disabled |
+-----------------------------------------+------------------------+----------------------+
|   3  NVIDIA A100-SXM4-80GB          On  |   00000000:C1:00.0 Off |                    0 |
| N/A   35C    P0             79W /  500W |   24903MiB /  81920MiB |      0%      Default |
|                                         |                        |             Disabled |
+-----------------------------------------+------------------------+----------------------+
                                                                                         
+-----------------------------------------------------------------------------------------+
| Processes:                                                                              |
|  GPU   GI   CI        PID   Type   Process name                              GPU Memory |
|        ID   ID                                                               Usage      |
|=========================================================================================|
|    0   N/A  N/A    933146      C   python                                      61536MiB |
|    1   N/A  N/A    933146      C   python                                      38276MiB |
|    2   N/A  N/A    933146      C   python                                      38976MiB |
|    3   N/A  N/A    933146      C   python                                      24894MiB |
+-----------------------------------------------------------------------------------------+
