5e5 3e-5 0 26 0
Loading Craftax textures from cache.
Textures successfully loaded from cache.

======== GPU REPORT ========

==============NVSMI LOG==============

Timestamp                                 : Tue Apr  8 15:58:29 2025
Driver Version                            : 560.35.03
CUDA Version                              : 12.6

Attached GPUs                             : 4
GPU 00000000:01:00.0
    Accounting Mode                       : Enabled
    Accounting Mode Buffer Size           : 4000
    Accounted Processes
        Process ID                        : 3061254
            GPU Utilization               : 0 %
            Memory Utilization            : 0 %
            Max memory usage              : 61536 MiB
            Time                          : 0 ms
            Is Running                    : 1

GPU 00000000:41:00.0
    Accounting Mode                       : Enabled
    Accounting Mode Buffer Size           : 4000
    Accounted Processes
        Process ID                        : 3061254
            GPU Utilization               : 40 %
            Memory Utilization            : 14 %
            Max memory usage              : 26754 MiB
            Time                          : 0 ms
            Is Running                    : 1

GPU 00000000:81:00.0
    Accounting Mode                       : Enabled
    Accounting Mode Buffer Size           : 4000
    Accounted Processes
        Process ID                        : 3061254
            GPU Utilization               : 39 %
            Memory Utilization            : 13 %
            Max memory usage              : 26634 MiB
            Time                          : 0 ms
            Is Running                    : 1

GPU 00000000:C1:00.0
    Accounting Mode                       : Enabled
    Accounting Mode Buffer Size           : 4000
    Accounted Processes
        Process ID                        : 3061254
            GPU Utilization               : 37 %
            Memory Utilization            : 13 %
            Max memory usage              : 25734 MiB
            Time                          : 0 ms
            Is Running                    : 1

Tue Apr  8 15:58:29 2025       
+-----------------------------------------------------------------------------------------+
| NVIDIA-SMI 560.35.03              Driver Version: 560.35.03      CUDA Version: 12.6     |
|-----------------------------------------+------------------------+----------------------+
| GPU  Name                 Persistence-M | Bus-Id          Disp.A | Volatile Uncorr. ECC |
| Fan  Temp   Perf          Pwr:Usage/Cap |           Memory-Usage | GPU-Util  Compute M. |
|                                         |                        |               MIG M. |
|=========================================+========================+======================|
|   0  NVIDIA A100-SXM4-80GB          On  |   00000000:01:00.0 Off |                    0 |
| N/A   36C    P0             79W /  500W |   61545MiB /  81920MiB |      0%      Default |
|                                         |                        |             Disabled |
+-----------------------------------------+------------------------+----------------------+
|   1  NVIDIA A100-SXM4-80GB          On  |   00000000:41:00.0 Off |                    0 |
| N/A   61C    P0            549W /  500W |   22283MiB /  81920MiB |      0%      Default |
|                                         |                        |             Disabled |
+-----------------------------------------+------------------------+----------------------+
|   2  NVIDIA A100-SXM4-80GB          On  |   00000000:81:00.0 Off |                    0 |
| N/A   60C    P0            201W /  500W |   20083MiB /  81920MiB |      2%      Default |
|                                         |                        |             Disabled |
+-----------------------------------------+------------------------+----------------------+
|   3  NVIDIA A100-SXM4-80GB          On  |   00000000:C1:00.0 Off |                    0 |
| N/A   49C    P0             98W /  500W |   18923MiB /  81920MiB |      6%      Default |
|                                         |                        |             Disabled |
+-----------------------------------------+------------------------+----------------------+
                                                                                         
+-----------------------------------------------------------------------------------------+
| Processes:                                                                              |
|  GPU   GI   CI        PID   Type   Process name                              GPU Memory |
|        ID   ID                                                               Usage      |
|=========================================================================================|
|    0   N/A  N/A   3061254      C   python                                      61536MiB |
|    1   N/A  N/A   3061254      C   python                                      22574MiB |
|    2   N/A  N/A   3061254      C   python                                      20074MiB |
|    3   N/A  N/A   3061254      C   python                                      18914MiB |
+-----------------------------------------------------------------------------------------+
5e5 3e-5 0 26 0
Loading Craftax textures from cache.
Textures successfully loaded from cache.
